d:\libssh2-1.8.0\win32\release_lib\libssh2.pdb
d:\libssh2-1.8.0\win32\release_lib\transport.obj
d:\libssh2-1.8.0\win32\release_lib\sftp.obj
d:\libssh2-1.8.0\win32\release_lib\session.obj
d:\libssh2-1.8.0\win32\release_lib\scp.obj
d:\libssh2-1.8.0\win32\release_lib\publickey.obj
d:\libssh2-1.8.0\win32\release_lib\pem.obj
d:\libssh2-1.8.0\win32\release_lib\packet.obj
d:\libssh2-1.8.0\win32\release_lib\openssl.obj
d:\libssh2-1.8.0\win32\release_lib\misc.obj
d:\libssh2-1.8.0\win32\release_lib\mbedtls.obj
d:\libssh2-1.8.0\win32\release_lib\mac.obj
d:\libssh2-1.8.0\win32\release_lib\knownhost.obj
d:\libssh2-1.8.0\win32\release_lib\kex.obj
d:\libssh2-1.8.0\win32\release_lib\keepalive.obj
d:\libssh2-1.8.0\win32\release_lib\hostkey.obj
d:\libssh2-1.8.0\win32\release_lib\global.obj
d:\libssh2-1.8.0\win32\release_lib\crypt.obj
d:\libssh2-1.8.0\win32\release_lib\comp.obj
d:\libssh2-1.8.0\win32\release_lib\channel.obj
d:\libssh2-1.8.0\win32\release_lib\agent.obj
d:\libssh2-1.8.0\win32\release_lib\wincng.obj
d:\libssh2-1.8.0\win32\release_lib\version.obj
d:\libssh2-1.8.0\win32\release_lib\userauth.obj
d:\libssh2-1.8.0\win32\release_lib\libssh2.lib
d:\libssh2-1.8.0\win32\.\release_lib\libssh2.lib
d:\libssh2-1.8.0\win32\release_lib\libssh2.tlog\cl.command.1.tlog
d:\libssh2-1.8.0\win32\release_lib\libssh2.tlog\cl.read.1.tlog
d:\libssh2-1.8.0\win32\release_lib\libssh2.tlog\cl.write.1.tlog
d:\libssh2-1.8.0\win32\release_lib\libssh2.tlog\lib-link.write.1.tlog
d:\libssh2-1.8.0\win32\release_lib\libssh2.tlog\lib.command.1.tlog
d:\libssh2-1.8.0\win32\release_lib\libssh2.tlog\lib.read.1.tlog
